Arguments: 
  C:\Program Files\nodejs\node.exe C:\Users\1\AppData\Roaming\npm\node_modules\yarn\bin\yarn.js add koa/cors@2.2.3

PATH: 
  F:\Program\Java\jdk\jdk1.8.0_333\bin;F:\Program\DataBase\MySQL\MySQL Server 8.0\bin;C:\Program Files\PlasticSCM5\server;F:\Program\Java\apache-maven-3.8.6\bin;F:\Program\Java\apache-tomcat-8.5.81\bin;C:\Program Files\PlasticSCM5\client;C:\Program Files (x86)\Common Files\Oracle\Java\javapath;C:\Program Files (x86)\Common Files\Intel\Shared Libraries\redist\intel64_win\compiler;C:\Windows\system32;C:\Windows;F:\Program\DataBase\MongoDB\Server\4.4\bin;F:\Program\DataBase\MongoDB\Server\5.0\bin;C:\Windows\System32\Wbem;C:\Windows\System32\WindowsPowerShell\v1.0\;C:\Windows\System32\OpenSSH\;C:\Program Files (x86)\NVIDIA Corporation\PhysX\Common;C:\Program Files (x86)\Microsoft SQL Server\100\Tools\Binn\;C:\Program Files\Microsoft SQL Server\100\Tools\Binn\;C:\Program Files\Microsoft SQL Server\100\DTS\Binn\;C:\WINDOWS\system32;C:\WINDOWS;C:\WINDOWS\System32\Wbem;C:\WINDOWS\System32\WindowsPowerShell\v1.0\;C:\WINDOWS\System32\OpenSSH\;C:\mingw64\bin;C:\cygwin64\bin;C:\Program Files\dotnet\;C:\Program Files\NVIDIA Corporation\NVIDIA NvDLISR;C:\Program Files\Common Files\Autodesk Shared\;C:\Program Files\Microsoft SQL Server\120\Tools\Binn\;C:\Go\bin;D:\go;D:\Program\Git\cmd;C:\Program Files\nodejs\;F:\Program\web\wechat\微信web开发者工具\dll;C:\Program Files\Pandoc\;C:\Users\1\AppData\Local\Programs\Python\Python310\Scripts\;C:\Users\1\AppData\Local\Programs\Python\Python310\;C:\Users\1\AppData\Local\Programs\Python\Python39\Scripts\;C:\Users\1\AppData\Local\Programs\Python\Python39\;C:\Users\1\AppData\Local\Microsoft\WindowsApps;D:\Bandizip\;C:\mingw64\bin;C:\cygwin64\bin;C:\Users\1\.dotnet\tools;C:\Program Files\Java\jdk-17\bin;C:\Users\1\AppData\Local\GitHubDesktop\bin;C:\Go\bin;D:\go;C:\Program Files\MongoDB\Server\3.2\bin;C:\Users\1\AppData\Roaming\npm;;F:\Program\WebStorm\webstorm\WebStorm 2021.3.3\bin;

Yarn version: 
  1.22.17

Node version: 
  14.18.3

Platform: 
  win32 x64

Trace: 
  Error: https://registry.npm.taobao.org/koa%2fcors: [NOT_FOUND] koa/cors not found
      at Request.params.callback [as _callback] (C:\Users\1\AppData\Roaming\npm\node_modules\yarn\lib\cli.js:67029:18)
      at Request.self.callback (C:\Users\1\AppData\Roaming\npm\node_modules\yarn\lib\cli.js:140883:22)
      at Request.emit (events.js:400:28)
      at Request.<anonymous> (C:\Users\1\AppData\Roaming\npm\node_modules\yarn\lib\cli.js:141855:10)
      at Request.emit (events.js:400:28)
      at Gunzip.<anonymous> (C:\Users\1\AppData\Roaming\npm\node_modules\yarn\lib\cli.js:141777:12)
      at Object.onceWrapper (events.js:519:28)
      at Gunzip.emit (events.js:400:28)
      at endReadableNT (internal/streams/readable.js:1334:12)
      at processTicksAndRejections (internal/process/task_queues.js:82:21)

npm manifest: 
  {
    "name": "manager-server",
    "version": "0.1.0",
    "private": true,
    "scripts": {
      "start": "node bin/www",
      "dev": "./node_modules/.bin/nodemon bin/www",
      "prd": "pm2 start bin/www",
      "test": "echo \"Error: no test specified\" && exit 1"
    },
    "dependencies": {
      "debug": "^4.1.1",
      "jsonwebtoken": "^8.5.1",
      "koa": "^2.7.0",
      "koa-bodyparser": "^4.2.1",
      "koa-convert": "^1.2.0",
      "koa-json": "^2.0.2",
      "koa-jwt": "^4.0.0",
      "koa-logger": "^3.2.0",
      "koa-onerror": "^4.1.0",
      "koa-router": "^7.4.0",
      "koa-static": "^5.0.0",
      "koa-views": "^6.2.0",
      "mongoose": "^5.11.19",
      "pug": "^2.0.3"
    },
    "devDependencies": {
      "log4js": "^6.3.0",
      "md5": "^2.3.0",
      "nodemon": "^1.19.1"
    }
  }

yarn manifest: 
  No manifest

Lockfile: 
  No lockfile
