[2022-08-03T16:17:41.815] [ERROR] error - ***数据库连接失败***
[2022-08-03T16:21:08.563] [ERROR] error - ***数据库连接失败***
[2022-08-03T16:21:18.755] [ERROR] error - ***数据库连接失败***
[2022-08-03T16:24:07.443] [ERROR] error - ***数据库连接失败***
[2022-08-03T16:24:10.030] [ERROR] error - ***数据库连接失败***
[2022-08-03T16:24:21.351] [ERROR] error - ***数据库连接失败***
[2022-08-03T16:24:24.875] [ERROR] error - ***数据库连接失败***
[2022-08-03T16:24:26.441] [ERROR] error - ***数据库连接失败***
[2022-08-03T16:24:27.626] [ERROR] error - ***数据库连接失败***
[2022-08-03T16:24:29.065] [ERROR] error - ***数据库连接失败***
[2022-08-03T16:36:02.774] [ERROR] error - ***数据库连接失败***
[2022-08-03T16:38:40.525] [ERROR] error - ***数据库连接失败***
[2022-08-03T16:38:52.946] [ERROR] error - ***数据库连接失败***
[2022-08-03T16:39:03.373] [ERROR] error - MongooseError: Operation `depts.find()` buffering timed out after 10000ms
    at Timeout.<anonymous> (C:\Users\1\Desktop\company-admin\manager-server\node_modules\mongoose\lib\drivers\node-mongodb-native\collection.js:198:23)
    at listOnTimeout (internal/timers.js:557:17)
    at processTimers (internal/timers.js:500:7)
[2022-08-03T16:39:07.338] [ERROR] error - MongooseError: Operation `menus.find()` buffering timed out after 10000ms
    at Timeout.<anonymous> (C:\Users\1\Desktop\company-admin\manager-server\node_modules\mongoose\lib\drivers\node-mongodb-native\collection.js:198:23)
    at listOnTimeout (internal/timers.js:557:17)
    at processTimers (internal/timers.js:500:7)
[2022-08-03T16:39:08.881] [ERROR] error - MongooseError: Operation `menus.find()` buffering timed out after 10000ms
    at Timeout.<anonymous> (C:\Users\1\Desktop\company-admin\manager-server\node_modules\mongoose\lib\drivers\node-mongodb-native\collection.js:198:23)
    at listOnTimeout (internal/timers.js:557:17)
    at processTimers (internal/timers.js:500:7)
[2022-08-03T16:39:09.602] [ERROR] error - MongooseError: Operation `depts.find()` buffering timed out after 10000ms
    at Timeout.<anonymous> (C:\Users\1\Desktop\company-admin\manager-server\node_modules\mongoose\lib\drivers\node-mongodb-native\collection.js:198:23)
    at listOnTimeout (internal/timers.js:557:17)
    at processTimers (internal/timers.js:500:7)
[2022-08-03T16:39:15.975] [ERROR] error - MongooseError: Operation `roles.find()` buffering timed out after 10000ms
    at Timeout.<anonymous> (C:\Users\1\Desktop\company-admin\manager-server\node_modules\mongoose\lib\drivers\node-mongodb-native\collection.js:198:23)
    at listOnTimeout (internal/timers.js:557:17)
    at processTimers (internal/timers.js:500:7)
[2022-08-03T16:42:37.039] [ERROR] error - ***数据库连接失败***
[2022-08-03T16:43:57.910] [ERROR] error - ***数据库连接失败***
[2022-08-03T16:44:17.004] [ERROR] error - ***数据库连接失败***
[2022-08-03T16:45:34.225] [ERROR] error - ***数据库连接失败***
[2022-08-03T16:48:29.524] [ERROR] error - ***数据库连接失败***
[2022-08-03T16:48:32.060] [ERROR] error - ***数据库连接失败***
[2022-08-03T16:48:35.722] [ERROR] error - ***数据库连接失败***
[2022-08-03T16:48:38.689] [ERROR] error - ***数据库连接失败***
[2022-08-03T16:49:03.883] [ERROR] error - ***数据库连接失败***
[2022-08-03T16:49:11.245] [ERROR] error - ***数据库连接失败***
[2022-08-03T16:50:10.067] [ERROR] error - ***数据库连接失败***
